<?xml version="1.0" encoding="UTF-8"?>
<testsuite xmlns:xsi="http://www.w3.org/2001/XMLSchema-instance" xsi:noNamespaceSchemaLocation="https://maven.apache.org/surefire/maven-surefire-plugin/xsd/surefire-test-report.xsd" name="ru.neginskiy.tm.endpoint.ProjectEndpointTest" time="0.151" tests="4" errors="4" skipped="0" failures="0">
  <properties>
    <property name="sun.desktop" value="windows"/>
    <property name="awt.toolkit" value="sun.awt.windows.WToolkit"/>
    <property name="file.encoding.pkg" value="sun.io"/>
    <property name="java.specification.version" value="1.8"/>
    <property name="sun.cpu.isalist" value="amd64"/>
    <property name="sun.jnu.encoding" value="Cp1251"/>
    <property name="java.class.path" value="D:\projects\taskmanager\client\target\test-classes;D:\projects\taskmanager\client\target\classes;C:\Users\neginskiy\.m2\repository\junit\junit\4.12\junit-4.12.jar;C:\Users\neginskiy\.m2\repository\org\hamcrest\hamcrest-core\1.3\hamcrest-core-1.3.jar;C:\Users\neginskiy\.m2\repository\org\jetbrains\annotations\17.0.0\annotations-17.0.0.jar;C:\Users\neginskiy\.m2\repository\org\projectlombok\lombok\1.18.6\lombok-1.18.6.jar;C:\Users\neginskiy\.m2\repository\javax\servlet\javax.servlet-api\3.1.0\javax.servlet-api-3.1.0.jar;C:\Users\neginskiy\.m2\repository\jstl\jstl\1.2\jstl-1.2.jar;C:\Users\neginskiy\.m2\repository\taglibs\standard\1.1.2\standard-1.1.2.jar;C:\Users\neginskiy\.m2\repository\javax\javaee-api\8.0\javaee-api-8.0.jar;C:\Users\neginskiy\.m2\repository\com\sun\mail\javax.mail\1.6.0\javax.mail-1.6.0.jar;C:\Users\neginskiy\.m2\repository\javax\activation\activation\1.1\activation-1.1.jar;"/>
    <property name="java.vm.vendor" value="Oracle Corporation"/>
    <property name="sun.arch.data.model" value="64"/>
    <property name="user.variant" value=""/>
    <property name="java.vendor.url" value="http://java.oracle.com/"/>
    <property name="user.timezone" value="Europe/Moscow"/>
    <property name="java.vm.specification.version" value="1.8"/>
    <property name="os.name" value="Windows 10"/>
    <property name="user.country" value="RU"/>
    <property name="sun.java.launcher" value="SUN_STANDARD"/>
    <property name="sun.boot.library.path" value="C:\Program Files\Java\jdk1.8.0_192\jre\bin"/>
    <property name="sun.java.command" value="C:\Users\NEGINS~1\AppData\Local\Temp\surefire4974568182511725758\surefirebooter5834735501274669992.jar C:\Users\neginskiy\AppData\Local\Temp\surefire4974568182511725758 2019-03-15T15-22-35_874-jvmRun1 surefire6269403141923607046tmp surefire_07780524197368610730tmp"/>
    <property name="surefire.test.class.path" value="D:\projects\taskmanager\client\target\test-classes;D:\projects\taskmanager\client\target\classes;C:\Users\neginskiy\.m2\repository\junit\junit\4.12\junit-4.12.jar;C:\Users\neginskiy\.m2\repository\org\hamcrest\hamcrest-core\1.3\hamcrest-core-1.3.jar;C:\Users\neginskiy\.m2\repository\org\jetbrains\annotations\17.0.0\annotations-17.0.0.jar;C:\Users\neginskiy\.m2\repository\org\projectlombok\lombok\1.18.6\lombok-1.18.6.jar;C:\Users\neginskiy\.m2\repository\javax\servlet\javax.servlet-api\3.1.0\javax.servlet-api-3.1.0.jar;C:\Users\neginskiy\.m2\repository\jstl\jstl\1.2\jstl-1.2.jar;C:\Users\neginskiy\.m2\repository\taglibs\standard\1.1.2\standard-1.1.2.jar;C:\Users\neginskiy\.m2\repository\javax\javaee-api\8.0\javaee-api-8.0.jar;C:\Users\neginskiy\.m2\repository\com\sun\mail\javax.mail\1.6.0\javax.mail-1.6.0.jar;C:\Users\neginskiy\.m2\repository\javax\activation\activation\1.1\activation-1.1.jar;"/>
    <property name="sun.cpu.endian" value="little"/>
    <property name="user.home" value="C:\Users\neginskiy"/>
    <property name="user.language" value="ru"/>
    <property name="java.specification.vendor" value="Oracle Corporation"/>
    <property name="java.home" value="C:\Program Files\Java\jdk1.8.0_192\jre"/>
    <property name="basedir" value="D:\projects\taskmanager\client"/>
    <property name="file.separator" value="\"/>
    <property name="line.separator" value="&#10;"/>
    <property name="java.vm.specification.vendor" value="Oracle Corporation"/>
    <property name="java.specification.name" value="Java Platform API Specification"/>
    <property name="java.awt.graphicsenv" value="sun.awt.Win32GraphicsEnvironment"/>
    <property name="surefire.real.class.path" value="C:\Users\NEGINS~1\AppData\Local\Temp\surefire4974568182511725758\surefirebooter5834735501274669992.jar"/>
    <property name="sun.boot.class.path" value="C:\Program Files\Java\jdk1.8.0_192\jre\lib\resources.jar;C:\Program Files\Java\jdk1.8.0_192\jre\lib\rt.jar;C:\Program Files\Java\jdk1.8.0_192\jre\lib\sunrsasign.jar;C:\Program Files\Java\jdk1.8.0_192\jre\lib\jsse.jar;C:\Program Files\Java\jdk1.8.0_192\jre\lib\jce.jar;C:\Program Files\Java\jdk1.8.0_192\jre\lib\charsets.jar;C:\Program Files\Java\jdk1.8.0_192\jre\lib\jfr.jar;C:\Program Files\Java\jdk1.8.0_192\jre\classes"/>
    <property name="user.script" value=""/>
    <property name="sun.management.compiler" value="HotSpot 64-Bit Tiered Compilers"/>
    <property name="java.runtime.version" value="1.8.0_192-b12"/>
    <property name="user.name" value="neginskiy"/>
    <property name="path.separator" value=";"/>
    <property name="os.version" value="10.0"/>
    <property name="java.endorsed.dirs" value="C:\Program Files\Java\jdk1.8.0_192\jre\lib\endorsed"/>
    <property name="java.runtime.name" value="Java(TM) SE Runtime Environment"/>
    <property name="file.encoding" value="Cp1251"/>
    <property name="java.vm.name" value="Java HotSpot(TM) 64-Bit Server VM"/>
    <property name="localRepository" value="C:\Users\neginskiy\.m2\repository"/>
    <property name="java.vendor.url.bug" value="http://bugreport.sun.com/bugreport/"/>
    <property name="java.io.tmpdir" value="C:\Users\NEGINS~1\AppData\Local\Temp\"/>
    <property name="idea.version" value="2018.3.1"/>
    <property name="java.version" value="1.8.0_192"/>
    <property name="user.dir" value="D:\projects\taskmanager\client"/>
    <property name="os.arch" value="amd64"/>
    <property name="java.vm.specification.name" value="Java Virtual Machine Specification"/>
    <property name="java.awt.printerjob" value="sun.awt.windows.WPrinterJob"/>
    <property name="sun.os.patch.level" value=""/>
    <property name="java.library.path" value="C:\Program Files\Java\jdk1.8.0_192\jre\bin;C:\Windows\Sun\Java\bin;C:\Windows\system32;C:\Windows;C:\Program Files (x86)\Common Files\Oracle\Java\javapath;C:\Windows\system32;C:\Windows;C:\Windows\System32\Wbem;C:\Windows\System32\WindowsPowerShell\v1.0\;C:\Program Files (x86)\ATI Technologies\ATI.ACE\Core-Static;C:\Program Files (x86)\Kaspersky Lab\Kaspersky Endpoint Security for Windows\;C:\Program Files\PuTTY\;C:\Program Files\TortoiseGit\bin;C:\Program Files\Git\cmd;C:\Program Files\TortoiseHg\;C:\Program Files\TortoiseSVN\bin;C:\dev\PostgreSQL\pg96\bin;C:\dev\ant\bin;C:\dev\maven\bin;C:\dev\gradle\bin;C:\Users\neginskiy\AppData\Local\Microsoft\WindowsApps;;."/>
    <property name="java.vm.info" value="mixed mode"/>
    <property name="java.vendor" value="Oracle Corporation"/>
    <property name="java.vm.version" value="25.192-b12"/>
    <property name="java.ext.dirs" value="C:\Program Files\Java\jdk1.8.0_192\jre\lib\ext;C:\Windows\Sun\Java\lib\ext"/>
    <property name="sun.io.unicode.encoding" value="UnicodeLittle"/>
    <property name="java.class.version" value="52.0"/>
  </properties>
  <testcase name="testProjectGetById" classname="ru.neginskiy.tm.endpoint.ProjectEndpointTest" time="0">
    <error message="Failed to access the WSDL at: http://localhost:8080/task-manager/UserEndpoint?wsdl. It failed with: &#10;	http://localhost:8080/task-manager/UserEndpoint?wsdl." type="javax.xml.ws.WebServiceException"><![CDATA[javax.xml.ws.WebServiceException: 
Failed to access the WSDL at: http://localhost:8080/task-manager/UserEndpoint?wsdl. It failed with: 
	http://localhost:8080/task-manager/UserEndpoint?wsdl.
	at ru.neginskiy.tm.endpoint.ProjectEndpointTest.<init>(ProjectEndpointTest.java:14)
Caused by: java.io.FileNotFoundException: http://localhost:8080/task-manager/UserEndpoint?wsdl
	at ru.neginskiy.tm.endpoint.ProjectEndpointTest.<init>(ProjectEndpointTest.java:14)
]]></error>
  </testcase>
  <testcase name="testProjectDelete" classname="ru.neginskiy.tm.endpoint.ProjectEndpointTest" time="0">
    <error message="Failed to access the WSDL at: http://localhost:8080/task-manager/UserEndpoint?wsdl. It failed with: &#10;	http://localhost:8080/task-manager/UserEndpoint?wsdl." type="javax.xml.ws.WebServiceException"><![CDATA[javax.xml.ws.WebServiceException: 
Failed to access the WSDL at: http://localhost:8080/task-manager/UserEndpoint?wsdl. It failed with: 
	http://localhost:8080/task-manager/UserEndpoint?wsdl.
	at ru.neginskiy.tm.endpoint.ProjectEndpointTest.<init>(ProjectEndpointTest.java:14)
Caused by: java.io.FileNotFoundException: http://localhost:8080/task-manager/UserEndpoint?wsdl
	at ru.neginskiy.tm.endpoint.ProjectEndpointTest.<init>(ProjectEndpointTest.java:14)
]]></error>
  </testcase>
  <testcase name="testProjectGetAll" classname="ru.neginskiy.tm.endpoint.ProjectEndpointTest" time="0">
    <error message="Failed to access the WSDL at: http://localhost:8080/task-manager/UserEndpoint?wsdl. It failed with: &#10;	http://localhost:8080/task-manager/UserEndpoint?wsdl." type="javax.xml.ws.WebServiceException"><![CDATA[javax.xml.ws.WebServiceException: 
Failed to access the WSDL at: http://localhost:8080/task-manager/UserEndpoint?wsdl. It failed with: 
	http://localhost:8080/task-manager/UserEndpoint?wsdl.
	at ru.neginskiy.tm.endpoint.ProjectEndpointTest.<init>(ProjectEndpointTest.java:14)
Caused by: java.io.FileNotFoundException: http://localhost:8080/task-manager/UserEndpoint?wsdl
	at ru.neginskiy.tm.endpoint.ProjectEndpointTest.<init>(ProjectEndpointTest.java:14)
]]></error>
  </testcase>
  <testcase name="testProjectMerge" classname="ru.neginskiy.tm.endpoint.ProjectEndpointTest" time="0">
    <error message="Failed to access the WSDL at: http://localhost:8080/task-manager/UserEndpoint?wsdl. It failed with: &#10;	http://localhost:8080/task-manager/UserEndpoint?wsdl." type="javax.xml.ws.WebServiceException"><![CDATA[javax.xml.ws.WebServiceException: 
Failed to access the WSDL at: http://localhost:8080/task-manager/UserEndpoint?wsdl. It failed with: 
	http://localhost:8080/task-manager/UserEndpoint?wsdl.
	at ru.neginskiy.tm.endpoint.ProjectEndpointTest.<init>(ProjectEndpointTest.java:14)
Caused by: java.io.FileNotFoundException: http://localhost:8080/task-manager/UserEndpoint?wsdl
	at ru.neginskiy.tm.endpoint.ProjectEndpointTest.<init>(ProjectEndpointTest.java:14)
]]></error>
  </testcase>
</testsuite>